0 info it worked if it ends with ok
1 verbose cli [ '/usr/bin/nodejs', '/usr/bin/npm', 'run', 'start' ]
2 info using npm@3.7.2
3 info using node@v4.3.0
4 verbose run-script [ 'prestart', 'start', 'poststart' ]
5 info lifecycle voting-server@1.0.0~prestart: voting-server@1.0.0
6 silly lifecycle voting-server@1.0.0~prestart: no script for prestart, continuing
7 info lifecycle voting-server@1.0.0~start: voting-server@1.0.0
8 verbose lifecycle voting-server@1.0.0~start: unsafe-perm in lifecycle true
9 verbose lifecycle voting-server@1.0.0~start: PATH: /usr/lib/node_modules/npm/bin/node-gyp-bin:/home/madchuckle/Desktop/dev/votingapp/voting-server/node_modules/.bin:/usr/bin:/usr/local/sbin:/usr/local/bin:/usr/sbin:/usr/bin:/sbin:/bin:/usr/games:/usr/local/games
10 verbose lifecycle voting-server@1.0.0~start: CWD: /home/madchuckle/Desktop/dev/votingapp/voting-server
11 silly lifecycle voting-server@1.0.0~start: Args: [ '-c', 'babel-node index.js' ]
12 silly lifecycle voting-server@1.0.0~start: Returned: code: 1  signal: null
13 info lifecycle voting-server@1.0.0~start: Failed to exec start script
14 verbose stack Error: voting-server@1.0.0 start: `babel-node index.js`
14 verbose stack Exit status 1
14 verbose stack     at EventEmitter.<anonymous> (/usr/lib/node_modules/npm/lib/utils/lifecycle.js:239:16)
14 verbose stack     at emitTwo (events.js:87:13)
14 verbose stack     at EventEmitter.emit (events.js:172:7)
14 verbose stack     at ChildProcess.<anonymous> (/usr/lib/node_modules/npm/lib/utils/spawn.js:24:14)
14 verbose stack     at emitTwo (events.js:87:13)
14 verbose stack     at ChildProcess.emit (events.js:172:7)
14 verbose stack     at maybeClose (internal/child_process.js:821:16)
14 verbose stack     at Process.ChildProcess._handle.onexit (internal/child_process.js:211:5)
15 verbose pkgid voting-server@1.0.0
16 verbose cwd /home/madchuckle/Desktop/dev/votingapp/voting-server
17 error Linux 3.19.0-32-generic
18 error argv "/usr/bin/nodejs" "/usr/bin/npm" "run" "start"
19 error node v4.3.0
20 error npm  v3.7.2
21 error code ELIFECYCLE
22 error voting-server@1.0.0 start: `babel-node index.js`
22 error Exit status 1
23 error Failed at the voting-server@1.0.0 start script 'babel-node index.js'.
23 error Make sure you have the latest version of node.js and npm installed.
23 error If you do, this is most likely a problem with the voting-server package,
23 error not with npm itself.
23 error Tell the author that this fails on your system:
23 error     babel-node index.js
23 error You can get information on how to open an issue for this project with:
23 error     npm bugs voting-server
23 error Or if that isn't available, you can get their info via:
23 error     npm owner ls voting-server
23 error There is likely additional logging output above.
24 verbose exit [ 1, true ]
